2023-12-22 16:21:34 Array
(
    [0] => Array
        (
            [type] => simple
            [sku] => 67665600
            [name] => Sakoon Special Samosa
            [featured] => 0
            [short_description] => Potato and peas in pastry shell.
            [regular_price] => 8
            [currency] => USD
            [category_ids] => Appetizers
            [Images] => https://img.cdn4dd.com/cdn-cgi/image/fit=contain,width=1200,height=672,format=auto/https://doordash-static.s3.amazonaws.com/media/photos/4b3b55a2-4537-44ab-b033-0ebd806cbfaf-retina-large.jpg,
            [description] => Potato and peas in pastry shell.
            [optionLists] => []
        )

    [1] => Array
        (
            [type] => simple
            [sku] => 108753620
            [name] => Lemon Fish Tikka
            [featured] => 0
            [short_description] => Fish marinated with lemon sauce & spices then cooked in clay oven 
            [regular_price] => 13
            [currency] => USD
            [category_ids] => Appetizers
            [Images] => ,
            [description] => Fish marinated with lemon sauce & spices then cooked in clay oven 
            [optionLists] => []
        )

    [2] => Array
        (
            [type] => simple
            [sku] => 67665605
            [name] => Mint Murgh Tikka
            [featured] => 0
            [short_description] => Chicken cubes marinated in fresh mint,hang curd finished in the clay oven
            [regular_price] => 13
            [currency] => USD
            [category_ids] => Appetizers
            [Images] => ,
            [description] => Chicken cubes marinated in fresh mint,hang curd finished in the clay oven
            [optionLists] => []
        )

    [3] => Array
        (
            [type] => simple
            [sku] => 67665608
            [name] => Tandoori Triple Play
            [featured] => 0
            [short_description] => Combination of triple grilled delicacy, achari chicken tikka, reshmi
sheekh kabab & fish tikka
            [regular_price] => 14
            [currency] => USD
            [category_ids] => Appetizers
            [Images] => ,
            [description] => Combination of triple grilled delicacy, achari chicken tikka, reshmi
sheekh kabab & fish tikka
            [optionLists] => []
        )

    [4] => Array
        (
            [type] => simple
            [sku] => 171799690
            [name] => Chaat Papadi
            [featured] => 0
            [short_description] => Homemade crispy wafers served with sweet yogurt, potato in a
tangy sauce

            [regular_price] => 9
            [currency] => USD
            [category_ids] => Appetizers
            [Images] => ,
            [description] => Homemade crispy wafers served with sweet yogurt, potato in a
tangy sauce

            [optionLists] => []
        )

    [5] => Array
        (
            [type] => simple
            [sku] => 67665596
            [name] => Avocado Jhalmuri
            [featured] => 0
            [short_description] => Rice puffs and avocado layered with mix of onion, tomato, mint &
tamarind bouquet

            [regular_price] => 9
            [currency] => USD
            [category_ids] => Appetizers
            [Images] => ,
            [description] => Rice puffs and avocado layered with mix of onion, tomato, mint &
tamarind bouquet

            [optionLists] => []
        )

    [6] => Array
        (
            [type] => simple
            [sku] => 67665601
            [name] => Lasooni Gobi
            [featured] => 0
            [short_description] => Cauliflower tossed with garlic flakes, served in roasted garlic
tomato sauce
            [regular_price] => 9
            [currency] => USD
            [category_ids] => Appetizers
            [Images] => ,
            [description] => Cauliflower tossed with garlic flakes, served in roasted garlic
tomato sauce
            [optionLists] => []
        )

    [7] => Array
        (
            [type] => simple
            [sku] => 67665606
            [name] => Basil  Seekh Kebab
            [featured] => 0
            [short_description] => Spices ground chicken kebab with fresh basil baked in the clay oven.
            [regular_price] => 13
            [currency] => USD
            [category_ids] => Appetizers
            [Images] => ,
            [description] => Spices ground chicken kebab with fresh basil baked in the clay oven.
            [optionLists] => []
        )

    [8] => Array
        (
            [type] => simple
            [sku] => 67665607
            [name] => Amritsari  Fish
            [featured] => 0
            [short_description] => Deep fried fish coated with gram flour and served with mint chutney
            [regular_price] => 12
            [currency] => USD
            [category_ids] => Appetizers
            [Images] => ,
            [description] => Deep fried fish coated with gram flour and served with mint chutney
            [optionLists] => []
        )

    [9] => Array
        (
            [type] => simple
            [sku] => 67665603
            [name] => Dahi Ke Kabab
            [featured] => 0
            [short_description] => Paneer and Potatoes medaillon flavored with mint, seasoned with
spices
            [regular_price] => 9
            [currency] => USD
            [category_ids] => Appetizers
            [Images] => ,
            [description] => Paneer and Potatoes medaillon flavored with mint, seasoned with
spices
            [optionLists] => []
        )

    [10] => Array
        (
            [type] => simple
            [sku] => 8990272189
            [name] => Panch Poran Paneer Tikka
            [featured] => 0
            [short_description] => Cottage cheese marinated with pickle based spices

            [regular_price] => 13
            [currency] => USD
            [category_ids] => Appetizers
            [Images] => ,
            [description] => Cottage cheese marinated with pickle based spices

            [optionLists] => []
        )

    [11] => Array
        (
            [type] => simple
            [sku] => 67665602
            [name] => Delhi Ki Aloo Chat
            [featured] => 0
            [short_description] => Grilled seasoned potato medallions served with chana pindi &
chutney
            [regular_price] => 9
            [currency] => USD
            [category_ids] => Appetizers
            [Images] => ,
            [description] => Grilled seasoned potato medallions served with chana pindi &
chutney
            [optionLists] => []
        )

    [12] => Array
        (
            [type] => simple
            [sku] => 67665645
            [name] => Butter Chicken
            [featured] => 0
            [short_description] => Butter infused tomato sauce chicken, finished with fenugreek cream
            [regular_price] => 18
            [currency] => USD
            [category_ids] => Meat Entrées
            [Images] => https://img.cdn4dd.com/cdn-cgi/image/fit=contain,width=1200,height=672,format=auto/https://doordash-static.s3.amazonaws.com/media/photos/4bf30fae-0567-421e-9ef5-0d34c28774c5-retina-large.jpg,https://img.cdn4dd.com/u/media/bd037f7c-3754-4b17-84d2-834b04d66e0e.png
            [description] => Butter infused tomato sauce chicken, finished with fenugreek cream
            [optionLists] => [{"type":"rec_product","title":"Recommended Sides And Apps","wpc_pro_pao_option_products":[1687,1688,1689,1690,1691],"title_format":"label","place_holder":"","char_limit":0,"char_min":0,"char_max":0,"position":0,"desc_enable":1,"desc":"Choose up to 5","required":false,"options":[{"label":"rec","price":"","price_type":"quantity_based","default":0}]}]
        )

    [13] => Array
        (
            [type] => simple
            [sku] => 67665646
            [name] => Chicken Tikka Masala
            [featured] => 0
            [short_description] => Oven grilled chicken breast (boneless) cooked in a creamy tomato sauce with onion & bell peppers
            [regular_price] => 18
            [currency] => USD
            [category_ids] => Meat Entrées
            [Images] => https://img.cdn4dd.com/cdn-cgi/image/fit=contain,width=1200,height=672,format=auto/https://doordash-static.s3.amazonaws.com/media/photos/c07deef8-5609-4923-9f05-f101ad0a20aa-retina-large.jpg,
            [description] => Oven grilled chicken breast (boneless) cooked in a creamy tomato sauce with onion & bell peppers
            [optionLists] => [{"type":"rec_product","title":"Recommended Sides And Apps","wpc_pro_pao_option_products":[1687,1688,1689,1690,1691],"title_format":"label","place_holder":"","char_limit":0,"char_min":0,"char_max":0,"position":0,"desc_enable":1,"desc":"Choose up to 5","required":false,"options":[{"label":"rec","price":"","price_type":"quantity_based","default":0}]}]
        )

    [14] => Array
        (
            [type] => simple
            [sku] => 67665648
            [name] => Murgh Chettinad
            [featured] => 0
            [short_description] => Chicken spicy in a peppercorn & fennel chettinad sauce
            [regular_price] => 18
            [currency] => USD
            [category_ids] => Meat Entrées
            [Images] => ,
            [description] => Chicken spicy in a peppercorn & fennel chettinad sauce
            [optionLists] => [{"type":"rec_product","title":"Recommended Sides And Apps","wpc_pro_pao_option_products":[1687,1688,1689,1690,1691],"title_format":"label","place_holder":"","char_limit":0,"char_min":0,"char_max":0,"position":0,"desc_enable":1,"desc":"Choose up to 5","required":false,"options":[{"label":"rec","price":"","price_type":"quantity_based","default":0}]}]
        )

    [15] => Array
        (
            [type] => simple
            [sku] => 67665642
            [name] => Classic Chicken Curry
            [featured] => 0
            [short_description] => cubes of chicken cooked in onion and tomato sauce with a hint of cream
            [regular_price] => 18
            [currency] => USD
            [category_ids] => Meat Entrées
            [Images] => https://img.cdn4dd.com/cdn-cgi/image/fit=contain,width=1200,height=672,format=auto/https://doordash-static.s3.amazonaws.com/media/photosV2/e0eda674-4238-401d-a0f9-637c1649be73-retina-large.jpg,https://img.cdn4dd.com/u/media/6599bef0-2e30-4a91-9cc3-06203b8b7d7f.jpg
            [description] => cubes of chicken cooked in onion and tomato sauce with a hint of cream
            [optionLists] => [{"type":"rec_product","title":"Recommended Sides And Apps","wpc_pro_pao_option_products":[1687,1688,1689,1690,1691],"title_format":"label","place_holder":"","char_limit":0,"char_min":0,"char_max":0,"position":0,"desc_enable":1,"desc":"Choose up to 5","required":false,"options":[{"label":"rec","price":"","price_type":"quantity_based","default":0}]}]
        )

    [16] => Array
        (
            [type] => simple
            [sku] => 67665649
            [name] => Kashmiri Rogan Josh
            [featured] => 0
            [short_description] => Gluten free. Kashmiri delicacy of lamb in fennel flavored onion gravy.
            [regular_price] => 20
            [currency] => USD
            [category_ids] => Meat Entrées
            [Images] => ,
            [description] => Gluten free. Kashmiri delicacy of lamb in fennel flavored onion gravy.
            [optionLists] => [{"type":"rec_product","title":"Recommended Sides And Apps","wpc_pro_pao_option_products":[1687,1688,1689,1690,1691],"title_format":"label","place_holder":"","char_limit":0,"char_min":0,"char_max":0,"position":0,"desc_enable":1,"desc":"Choose up to 5","required":false,"options":[{"label":"rec","price":"","price_type":"quantity_based","default":0}]}]
        )

    [17] => Array
        (
            [type] => simple
            [sku] => 67665654
            [name] => Bhuna Goat
            [featured] => 0
            [short_description] => Goat with golden onions and spices in a thick
sauce
            [regular_price] => 20
            [currency] => USD
            [category_ids] => Meat Entrées
            [Images] => ,
            [description] => Goat with golden onions and spices in a thick
sauce
            [optionLists] => [{"type":"rec_product","title":"Recommended Sides And Apps","wpc_pro_pao_option_products":[1687,1688,1689,1690,1691],"title_format":"label","place_holder":"","char_limit":0,"char_min":0,"char_max":0,"position":0,"desc_enable":1,"desc":"Choose up to 5","required":false,"options":[{"label":"rec","price":"","price_type":"quantity_based","default":0}]}]
        )

    [18] => Array
        (
            [type] => simple
            [sku] => 67665647
            [name] => Sunehri Murgh
            [featured] => 0
            [short_description] => Chicken cubes cooked in a mild cashew nut and onion sauce
finished with yogurt cream & saffron

            [regular_price] => 18
            [currency] => USD
            [category_ids] => Meat Entrées
            [Images] => ,
            [description] => Chicken cubes cooked in a mild cashew nut and onion sauce
finished with yogurt cream & saffron

            [optionLists] => [{"type":"rec_product","title":"Recommended Sides And Apps","wpc_pro_pao_option_products":[1687,1688,1689,1690,1691],"title_format":"label","place_holder":"","char_limit":0,"char_min":0,"char_max":0,"position":0,"desc_enable":1,"desc":"Choose up to 5","required":false,"options":[{"label":"rec","price":"","price_type":"quantity_based","default":0}]}]
        )

    [19] => Array
        (
            [type] => simple
            [sku] => 67665650
            [name] => Gosht Malabar
            [featured] => 0
            [short_description] => Gluten free. Lamb simmered in coconut milk with mustard seeds and spices.
            [regular_price] => 20
            [currency] => USD
            [category_ids] => Meat Entrées
            [Images] => ,
            [description] => Gluten free. Lamb simmered in coconut milk with mustard seeds and spices.
            [optionLists] => [{"type":"rec_product","title":"Recommended Sides And Apps","wpc_pro_pao_option_products":[1687,1688,1689,1690,1691],"title_format":"label","place_holder":"","char_limit":0,"char_min":0,"char_max":0,"position":0,"desc_enable":1,"desc":"Choose up to 5","required":false,"options":[{"label":"rec","price":"","price_type":"quantity_based","default":0}]}]
        )

    [20] => Array
        (
            [type] => simple
            [sku] => 67665652
            [name] => Saag Gosht
            [featured] => 0
            [short_description] => Gluten free. Lamb cooked with spinach and Indian spices.
            [regular_price] => 20
            [currency] => USD
            [category_ids] => Meat Entrées
            [Images] => ,
            [description] => Gluten free. Lamb cooked with spinach and Indian spices.
            [optionLists] => [{"type":"rec_product","title":"Recommended Sides And Apps","wpc_pro_pao_option_products":[1687,1688,1689,1690,1691],"title_format":"label","place_holder":"","char_limit":0,"char_min":0,"char_max":0,"position":0,"desc_enable":1,"desc":"Choose up to 5","required":false,"options":[{"label":"rec","price":"","price_type":"quantity_based","default":0}]}]
        )

    [21] => Array
        (
            [type] => simple
            [sku] => 67665651
            [name] => Chicken Vindaloo
            [featured] => 0
            [short_description] => Goan style chicken in red chili pepper sauce, finished with white vinegar  
            [regular_price] => 18
            [currency] => USD
            [category_ids] => Meat Entrées
            [Images] => ,
            [description] => Goan style chicken in red chili pepper sauce, finished with white vinegar  
            [optionLists] => [{"type":"rec_product","title":"Recommended Sides And Apps","wpc_pro_pao_option_products":[1687,1688,1689,1690,1691],"title_format":"label","place_holder":"","char_limit":0,"char_min":0,"char_max":0,"position":0,"desc_enable":1,"desc":"Choose up to 5","required":false,"options":[{"label":"rec","price":"","price_type":"quantity_based","default":0}]}]
        )

    [22] => Array
        (
            [type] => simple
            [sku] => 67665643
            [name] => Murgh Sakoonwala
            [featured] => 0
            [short_description] => Cubes of chicken, onion, bell peppers cooked with cooked onion &
tomato sauce

            [regular_price] => 18
            [currency] => USD
            [category_ids] => Meat Entrées
            [Images] => ,
            [description] => Cubes of chicken, onion, bell peppers cooked with cooked onion &
tomato sauce

            [optionLists] => [{"type":"rec_product","title":"Recommended Sides And Apps","wpc_pro_pao_option_products":[1687,1688,1689,1690,1691],"title_format":"label","place_holder":"","char_limit":0,"char_min":0,"char_max":0,"position":0,"desc_enable":1,"desc":"Choose up to 5","required":false,"options":[{"label":"rec","price":"","price_type":"quantity_based","default":0}]}]
        )

    [23] => Array
        (
            [type] => simple
            [sku] => 67665644
            [name] => Lamb Vindaaloo
            [featured] => 0
            [short_description] => Lamb in red chilli pepper sauce, finished with wine vinegar
            [regular_price] => 20
            [currency] => USD
            [category_ids] => Meat Entrées
            [Images] => ,
            [description] => Lamb in red chilli pepper sauce, finished with wine vinegar
            [optionLists] => [{"type":"rec_product","title":"Recommended Sides And Apps","wpc_pro_pao_option_products":[1687,1688,1689,1690,1691],"title_format":"label","place_holder":"","char_limit":0,"char_min":0,"char_max":0,"position":0,"desc_enable":1,"desc":"Choose up to 5","required":false,"options":[{"label":"rec","price":"","price_type":"quantity_based","default":0}]}]
        )

    [24] => Array
        (
            [type] => simple
            [sku] => 67665653
            [name] => Bhuna Gosht
            [featured] => 0
            [short_description] => Gluten free. Lamb with golden onions and spices in a thick sauce.
            [regular_price] => 20
            [currency] => USD
            [category_ids] => Meat Entrées
            [Images] => ,
            [description] => Gluten free. Lamb with golden onions and spices in a thick sauce.
            [optionLists] => [{"type":"rec_product","title":"Recommended Sides And Apps","wpc_pro_pao_option_products":[1687,1688,1689,1690,1691],"title_format":"label","place_holder":"","char_limit":0,"char_min":0,"char_max":0,"position":0,"desc_enable":1,"desc":"Choose up to 5","required":false,"options":[{"label":"rec","price":"","price_type":"quantity_based","default":0}]}]
        )

    [25] => Array
        (
            [type] => simple
            [sku] => 67665639
            [name] => Paneer Peshawari
            [featured] => 0
            [short_description] => Baton cut farmers cheese, onion, bell pepper simmered in tomato
& onion sauce mix
            [regular_price] => 18
            [currency] => USD
            [category_ids] => Vegetarian Entrées
            [Images] => https://img.cdn4dd.com/cdn-cgi/image/fit=contain,width=1200,height=672,format=auto/https://doordash-static.s3.amazonaws.com/media/photosV2/356acbfb-8bd0-4ad7-801b-7b55210801e4-retina-large.jpg,
            [description] => Baton cut farmers cheese, onion, bell pepper simmered in tomato
& onion sauce mix
            [optionLists] => [{"type":"rec_product","title":"Recommended Sides And Apps","wpc_pro_pao_option_products":[1687,1688,1689,1690,1691],"title_format":"label","place_holder":"","char_limit":0,"char_min":0,"char_max":0,"position":0,"desc_enable":1,"desc":"Choose up to 5","required":false,"options":[{"label":"rec","price":"","price_type":"quantity_based","default":0}]}]
        )

    [26] => Array
        (
            [type] => simple
            [sku] => 108756019
            [name] => Paneer Butter Masala
            [featured] => 0
            [short_description] => Spiced butter tomato sauce cooked with paneer
            [regular_price] => 18
            [currency] => USD
            [category_ids] => Vegetarian Entrées
            [Images] => https://img.cdn4dd.com/cdn-cgi/image/fit=contain,width=1200,height=672,format=auto/https://doordash-static.s3.amazonaws.com/media/photosV2/f939d2a0-f6b3-45d7-8207-9490ec8b0995-retina-large.jpg,
            [description] => Spiced butter tomato sauce cooked with paneer
            [optionLists] => [{"type":"rec_product","title":"Recommended Sides And Apps","wpc_pro_pao_option_products":[1687,1688,1689,1690,1691],"title_format":"label","place_holder":"","char_limit":0,"char_min":0,"char_max":0,"position":0,"desc_enable":1,"desc":"Choose up to 5","required":false,"options":[{"label":"rec","price":"","price_type":"quantity_based","default":0}]}]
        )

    [27] => Array
        (
            [type] => simple
            [sku] => 67665632
            [name] => Dal Sakoonwala
            [featured] => 0
            [short_description] => Traditional punjabi black lentils simmered on low fire with tomato,
red chilies, ginger & garlic

            [regular_price] => 16
            [currency] => USD
            [category_ids] => Vegetarian Entrées
            [Images] => https://img.cdn4dd.com/cdn-cgi/image/fit=contain,width=1200,height=672,format=auto/https://doordash-static.s3.amazonaws.com/media/photosV2/583034b9-5391-4244-8a05-c3abb6d4f9de-retina-large.JPG,
            [description] => Traditional punjabi black lentils simmered on low fire with tomato,
red chilies, ginger & garlic

            [optionLists] => [{"type":"rec_product","title":"Recommended Sides And Apps","wpc_pro_pao_option_products":[1687,1688,1689,1690,1691],"title_format":"label","place_holder":"","char_limit":0,"char_min":0,"char_max":0,"position":0,"desc_enable":1,"desc":"Choose up to 5","required":false,"options":[{"label":"rec","price":"","price_type":"quantity_based","default":0}]}]
        )

    [28] => Array
        (
            [type] => simple
            [sku] => 108755995
            [name] => Sham Savera Kofta
            [featured] => 0
            [short_description] => Spinach dumplings stuffed with cheese, dry fruits, served in
tomato sauce

            [regular_price] => 18
            [currency] => USD
            [category_ids] => Vegetarian Entrées
            [Images] => https://img.cdn4dd.com/cdn-cgi/image/fit=contain,width=1200,height=672,format=auto/https://doordash-static.s3.amazonaws.com/media/photosV2/8cd81118-2439-4517-b992-612d7a41e1d7-retina-large.jpg,
            [description] => Spinach dumplings stuffed with cheese, dry fruits, served in
tomato sauce

            [optionLists] => [{"type":"rec_product","title":"Recommended Sides And Apps","wpc_pro_pao_option_products":[1687,1688,1689,1690,1691],"title_format":"label","place_holder":"","char_limit":0,"char_min":0,"char_max":0,"position":0,"desc_enable":1,"desc":"Choose up to 5","required":false,"options":[{"label":"rec","price":"","price_type":"quantity_based","default":0}]}]
        )

    [29] => Array
        (
            [type] => simple
            [sku] => 67665637
            [name] => Saag Pasand Se
            [featured] => 0
            [short_description] => Garden fresh spinach cooked with ginger, garlic, onions with your
choice of cheese/potato/corn/lotus seed
            [regular_price] => 17
            [currency] => USD
            [category_ids] => Vegetarian Entrées
            [Images] => ,
            [description] => Garden fresh spinach cooked with ginger, garlic, onions with your
choice of cheese/potato/corn/lotus seed
            [optionLists] => [{"type":"rec_product","title":"Recommended Sides And Apps","wpc_pro_pao_option_products":[1687,1688,1689,1690,1691],"title_format":"label","place_holder":"","char_limit":0,"char_min":0,"char_max":0,"position":0,"desc_enable":1,"desc":"Choose up to 5","required":false,"options":[{"label":"rec","price":"","price_type":"quantity_based","default":0}]}]
        )

    [30] => Array
        (
            [type] => simple
            [sku] => 67665633
            [name] => Yellow Dal Tarka
            [featured] => 0
            [short_description] => Combination of yellow and red lentils tempered with curry leaves,
red chilies & mustard
            [regular_price] => 16
            [currency] => USD
            [category_ids] => Vegetarian Entrées
            [Images] => ,
            [description] => Combination of yellow and red lentils tempered with curry leaves,
red chilies & mustard
            [optionLists] => [{"type":"rec_product","title":"Recommended Sides And Apps","wpc_pro_pao_option_products":[1687,1688,1689,1690,1691],"title_format":"label","place_holder":"","char_limit":0,"char_min":0,"char_max":0,"position":0,"desc_enable":1,"desc":"Choose up to 5","required":false,"options":[{"label":"rec","price":"","price_type":"quantity_based","default":0}]}]
        )

    [31] => Array
        (
            [type] => simple
            [sku] => 108756025
            [name] => Shahi Paneer
            [featured] => 0
            [short_description] => Fresh cottage cheese cubes cooked in onion, yogurt & cashew
nut sauce

            [regular_price] => 18
            [currency] => USD
            [category_ids] => Vegetarian Entrées
            [Images] => ,
            [description] => Fresh cottage cheese cubes cooked in onion, yogurt & cashew
nut sauce

            [optionLists] => [{"type":"rec_product","title":"Recommended Sides And Apps","wpc_pro_pao_option_products":[1687,1688,1689,1690,1691],"title_format":"label","place_holder":"","char_limit":0,"char_min":0,"char_max":0,"position":0,"desc_enable":1,"desc":"Choose up to 5","required":false,"options":[{"label":"rec","price":"","price_type":"quantity_based","default":0}]}]
        )

    [32] => Array
        (
            [type] => simple
            [sku] => 67665640
            [name] => Phool Makhane Ki Sabzi
            [featured] => 0
            [short_description] => Popped lotus seeds prepared with Indian cottage cheese, green
peas & cashew nut sauce

            [regular_price] => 18
            [currency] => USD
            [category_ids] => Vegetarian Entrées
            [Images] => ,
            [description] => Popped lotus seeds prepared with Indian cottage cheese, green
peas & cashew nut sauce

            [optionLists] => [{"type":"rec_product","title":"Recommended Sides And Apps","wpc_pro_pao_option_products":[1687,1688,1689,1690,1691],"title_format":"label","place_holder":"","char_limit":0,"char_min":0,"char_max":0,"position":0,"desc_enable":1,"desc":"Choose up to 5","required":false,"options":[{"label":"rec","price":"","price_type":"quantity_based","default":0}]}]
        )

    [33] => Array
        (
            [type] => simple
            [sku] => 67665634
            [name] => Chef's Special Chana Pindi
            [featured] => 0
            [short_description] => Rawalpindi style chic peas tempered with spices

            [regular_price] => 16
            [currency] => USD
            [category_ids] => Vegetarian Entrées
            [Images] => ,
            [description] => Rawalpindi style chic peas tempered with spices

            [optionLists] => [{"type":"rec_product","title":"Recommended Sides And Apps","wpc_pro_pao_option_products":[1687,1688,1689,1690,1691],"title_format":"label","place_holder":"","char_limit":0,"char_min":0,"char_max":0,"position":0,"desc_enable":1,"desc":"Choose up to 5","required":false,"options":[{"label":"rec","price":"","price_type":"quantity_based","default":0}]}]
        )

    [34] => Array
        (
            [type] => simple
            [sku] => 8990669820
            [name] => Soya Tikka Masala
            [featured] => 0
            [short_description] => Oven grilled soya malai chaap, onion, bell peppers cooked with onions & a creamy tomato sauce. 
            [regular_price] => 17
            [currency] => USD
            [category_ids] => Vegetarian Entrées
            [Images] => ,
            [description] => Oven grilled soya malai chaap, onion, bell peppers cooked with onions & a creamy tomato sauce. 
            [optionLists] => [{"type":"rec_product","title":"Recommended Sides And Apps","wpc_pro_pao_option_products":[1687,1688,1689,1690,1691],"title_format":"label","place_holder":"","char_limit":0,"char_min":0,"char_max":0,"position":0,"desc_enable":1,"desc":"Choose up to 5","required":false,"options":[{"label":"rec","price":"","price_type":"quantity_based","default":0}]}]
        )

    [35] => Array
        (
            [type] => simple
            [sku] => 67665641
            [name] => Mirchi Baigan Ka Salan
            [featured] => 0
            [short_description] => Indian eggplant and peppers cooked with ground peanut & spices
            [regular_price] => 18
            [currency] => USD
            [category_ids] => Vegetarian Entrées
            [Images] => ,
            [description] => Indian eggplant and peppers cooked with ground peanut & spices
            [optionLists] => [{"type":"rec_product","title":"Recommended Sides And Apps","wpc_pro_pao_option_products":[1687,1688,1689,1690,1691],"title_format":"label","place_holder":"","char_limit":0,"char_min":0,"char_max":0,"position":0,"desc_enable":1,"desc":"Choose up to 5","required":false,"options":[{"label":"rec","price":"","price_type":"quantity_based","default":0}]}]
        )

    [36] => Array
        (
            [type] => simple
            [sku] => 108755577
            [name] => Vegetable Jalfrezi
            [featured] => 0
            [short_description] => Farm fresh vegetables (cauliflower, bell peppers, peas,potates) and paneer tossed in homeground spices with garlic and tomato sauce
            [regular_price] => 17
            [currency] => USD
            [category_ids] => Vegetarian Entrées
            [Images] => ,
            [description] => Farm fresh vegetables (cauliflower, bell peppers, peas,potates) and paneer tossed in homeground spices with garlic and tomato sauce
            [optionLists] => [{"type":"rec_product","title":"Recommended Sides And Apps","wpc_pro_pao_option_products":[1687,1688,1689,1690,1691],"title_format":"label","place_holder":"","char_limit":0,"char_min":0,"char_max":0,"position":0,"desc_enable":1,"desc":"Choose up to 5","required":false,"options":[{"label":"rec","price":"","price_type":"quantity_based","default":0}]}]
        )

    [37] => Array
        (
            [type] => simple
            [sku] => 67665636
            [name] => Kadhai Bindhi
            [featured] => 0
            [short_description] => Fresh okra tossed with onion, tomato, bell pepper & spices

            [regular_price] => 17
            [currency] => USD
            [category_ids] => Vegetarian Entrées
            [Images] => ,
            [description] => Fresh okra tossed with onion, tomato, bell pepper & spices

            [optionLists] => [{"type":"rec_product","title":"Recommended Sides And Apps","wpc_pro_pao_option_products":[1687,1688,1689,1690,1691],"title_format":"label","place_holder":"","char_limit":0,"char_min":0,"char_max":0,"position":0,"desc_enable":1,"desc":"Choose up to 5","required":false,"options":[{"label":"rec","price":"","price_type":"quantity_based","default":0}]}]
        )

    [38] => Array
        (
            [type] => simple
            [sku] => 171802573
            [name] => Adraki Aloo Gobhi
            [featured] => 0
            [short_description] => Cauliflower, potato and ginger cooked with Seasoned
spices
            [regular_price] => 17
            [currency] => USD
            [category_ids] => Vegetarian Entrées
            [Images] => ,
            [description] => Cauliflower, potato and ginger cooked with Seasoned
spices
            [optionLists] => [{"type":"rec_product","title":"Recommended Sides And Apps","wpc_pro_pao_option_products":[1687,1688,1689,1690,1691],"title_format":"label","place_holder":"","char_limit":0,"char_min":0,"char_max":0,"position":0,"desc_enable":1,"desc":"Choose up to 5","required":false,"options":[{"label":"rec","price":"","price_type":"quantity_based","default":0}]}]
        )

    [39] => Array
        (
            [type] => simple
            [sku] => 67665612
            [name] => Tandoori Chicken (Full)
            [featured] => 0
            [short_description] => Roasted chicken on bone with tandoori masala, served with mint
& tamarind sauce

            [regular_price] => 22
            [currency] => USD
            [category_ids] => Tandoor
            [Images] => https://img.cdn4dd.com/cdn-cgi/image/fit=contain,width=1200,height=672,format=auto/https://doordash-static.s3.amazonaws.com/media/yelp/2961a059-3708-4f60-a930-921379fe581a.jpg,
            [description] => Roasted chicken on bone with tandoori masala, served with mint
& tamarind sauce

            [optionLists] => [{"type":"rec_product","title":"Recommended Sides And Apps","wpc_pro_pao_option_products":[1687,1688,1689,1690,1691],"title_format":"label","place_holder":"","char_limit":0,"char_min":0,"char_max":0,"position":0,"desc_enable":1,"desc":"Choose up to 5","required":false,"options":[{"label":"rec","price":"","price_type":"quantity_based","default":0}]}]
        )

    [40] => Array
        (
            [type] => simple
            [sku] => 67665610
            [name] => Soufiya Paneer
            [featured] => 0
            [short_description] => Marinated cheese cubes, fennel, roasted red pepper & spices with
spring salad

            [regular_price] => 20
            [currency] => USD
            [category_ids] => Tandoor
            [Images] => ,
            [description] => Marinated cheese cubes, fennel, roasted red pepper & spices with
spring salad

            [optionLists] => [{"type":"rec_product","title":"Recommended Sides And Apps","wpc_pro_pao_option_products":[1687,1688,1689,1690,1691],"title_format":"label","place_holder":"","char_limit":0,"char_min":0,"char_max":0,"position":0,"desc_enable":1,"desc":"Choose up to 5","required":false,"options":[{"label":"rec","price":"","price_type":"quantity_based","default":0}]}]
        )

    [41] => Array
        (
            [type] => simple
            [sku] => 108754071
            [name] => Malai Soya Chaap
            [featured] => 0
            [short_description] => Marinated soya cubes cooked with creamy spiced sauce
            [regular_price] => 17
            [currency] => USD
            [category_ids] => Tandoor
            [Images] => ,
            [description] => Marinated soya cubes cooked with creamy spiced sauce
            [optionLists] => [{"type":"rec_product","title":"Recommended Sides And Apps","wpc_pro_pao_option_products":[1687,1688,1689,1690,1691],"title_format":"label","place_holder":"","char_limit":0,"char_min":0,"char_max":0,"position":0,"desc_enable":1,"desc":"Choose up to 5","required":false,"options":[{"label":"rec","price":"","price_type":"quantity_based","default":0}]}]
        )

    [42] => Array
        (
            [type] => simple
            [sku] => 67665613
            [name] => Achari Chicken Tikka
            [featured] => 0
            [short_description] => Chicken cubes marinated in pickled spices, finished in a tandoor
            [regular_price] => 18
            [currency] => USD
            [category_ids] => Tandoor
            [Images] => ,
            [description] => Chicken cubes marinated in pickled spices, finished in a tandoor
            [optionLists] => [{"type":"rec_product","title":"Recommended Sides And Apps","wpc_pro_pao_option_products":[1687,1688,1689,1690,1691],"title_format":"label","place_holder":"","char_limit":0,"char_min":0,"char_max":0,"position":0,"desc_enable":1,"desc":"Choose up to 5","required":false,"options":[{"label":"rec","price":"","price_type":"quantity_based","default":0}]}]
        )

    [43] => Array
        (
            [type] => simple
            [sku] => 67665619
            [name] => Sakoon Mixed Grilled Special 
            [featured] => 0
            [short_description] => House specialty Lamb Chops, Shrimps, achari chicken tikka &
sheekh kabab

            [regular_price] => 29
            [currency] => USD
            [category_ids] => Tandoor
            [Images] => ,
            [description] => House specialty Lamb Chops, Shrimps, achari chicken tikka &
sheekh kabab

            [optionLists] => [{"type":"rec_product","title":"Recommended Sides And Apps","wpc_pro_pao_option_products":[1687,1688,1689,1690,1691],"title_format":"label","place_holder":"","char_limit":0,"char_min":0,"char_max":0,"position":0,"desc_enable":1,"desc":"Choose up to 5","required":false,"options":[{"label":"rec","price":"","price_type":"quantity_based","default":0}]}]
        )

    [44] => Array
        (
            [type] => simple
            [sku] => 242205533
            [name] => Shahi Seekh kebab
            [featured] => 0
            [short_description] => Ground lamb infused with herbs & roasted cumin

            [regular_price] => 23
            [currency] => USD
            [category_ids] => Tandoor
            [Images] => ,
            [description] => Ground lamb infused with herbs & roasted cumin

            [optionLists] => [{"type":"rec_product","title":"Recommended Sides And Apps","wpc_pro_pao_option_products":[1687,1688,1689,1690,1691],"title_format":"label","place_holder":"","char_limit":0,"char_min":0,"char_max":0,"position":0,"desc_enable":1,"desc":"Choose up to 5","required":false,"options":[{"label":"rec","price":"","price_type":"quantity_based","default":0}]}]
        )

    [45] => Array
        (
            [type] => simple
            [sku] => 171800674
            [name] => Pesto Salmon Tikka
            [featured] => 0
            [short_description] => Grilled Salmon fillet flavored with pesto, herb & spices.  
            [regular_price] => 24
            [currency] => USD
            [category_ids] => Tandoor
            [Images] => https://img.cdn4dd.com/cdn-cgi/image/fit=contain,width=1200,height=672,format=auto/https://doordash-static.s3.amazonaws.com/media/yelp/e815f998-ac3a-48ab-b9d4-74f2f7cf0ac6.jpg,
            [description] => Grilled Salmon fillet flavored with pesto, herb & spices.  
            [optionLists] => [{"type":"rec_product","title":"Recommended Sides And Apps","wpc_pro_pao_option_products":[1687,1688,1689,1690,1691],"title_format":"label","place_holder":"","char_limit":0,"char_min":0,"char_max":0,"position":0,"desc_enable":1,"desc":"Choose up to 5","required":false,"options":[{"label":"rec","price":"","price_type":"quantity_based","default":0}]}]
        )

    [46] => Array
        (
            [type] => simple
            [sku] => 67665618
            [name] => Samudri Prawns
            [featured] => 0
            [short_description] => Tiger prawns marinated in yogurt and spices, served with tomato
chutney
            [regular_price] => 26
            [currency] => USD
            [category_ids] => Tandoor
            [Images] => ,
            [description] => Tiger prawns marinated in yogurt and spices, served with tomato
chutney
            [optionLists] => [{"type":"rec_product","title":"Recommended Sides And Apps","wpc_pro_pao_option_products":[1687,1688,1689,1690,1691],"title_format":"label","place_holder":"","char_limit":0,"char_min":0,"char_max":0,"position":0,"desc_enable":1,"desc":"Choose up to 5","required":false,"options":[{"label":"rec","price":"","price_type":"quantity_based","default":0}]}]
        )

    [47] => Array
        (
            [type] => simple
            [sku] => 67665609
            [name] => Tandoori Veggies
            [featured] => 0
            [short_description] => Aromatic herbs marinated cauliflower, bell pepper, onion, paneer &
pineapple
            [regular_price] => 17
            [currency] => USD
            [category_ids] => Tandoor
            [Images] => ,
            [description] => Aromatic herbs marinated cauliflower, bell pepper, onion, paneer &
pineapple
            [optionLists] => [{"type":"rec_product","title":"Recommended Sides And Apps","wpc_pro_pao_option_products":[1687,1688,1689,1690,1691],"title_format":"label","place_holder":"","char_limit":0,"char_min":0,"char_max":0,"position":0,"desc_enable":1,"desc":"Choose up to 5","required":false,"options":[{"label":"rec","price":"","price_type":"quantity_based","default":0}]}]
        )

    [48] => Array
        (
            [type] => simple
            [sku] => 67665611
            [name] => Tandoori Chicken(Half)
            [featured] => 0
            [short_description] => Roasted chicken on bone with tandoori masala ,served with mint and tamarind sauce
            [regular_price] => 17
            [currency] => USD
            [category_ids] => Tandoor
            [Images] => ,
            [description] => Roasted chicken on bone with tandoori masala ,served with mint and tamarind sauce
            [optionLists] => [{"type":"rec_product","title":"Recommended Sides And Apps","wpc_pro_pao_option_products":[1687,1688,1689,1690,1691],"title_format":"label","place_holder":"","char_limit":0,"char_min":0,"char_max":0,"position":0,"desc_enable":1,"desc":"Choose up to 5","required":false,"options":[{"label":"rec","price":"","price_type":"quantity_based","default":0}]}]
        )

    [49] => Array
        (
            [type] => simple
            [sku] => 8991849607
            [name] => Lamb Chop
            [featured] => 0
            [short_description] => Lamb rack in cumin, dry ginger, kashmiri powder marinade, grilled to perfection!
            [regular_price] => 29
            [currency] => USD
            [category_ids] => Tandoor
            [Images] => ,
            [description] => Lamb rack in cumin, dry ginger, kashmiri powder marinade, grilled to perfection!
            [optionLists] => [{"type":"rec_product","title":"Recommended Sides And Apps","wpc_pro_pao_option_products":[1687,1688,1689,1690,1691],"title_format":"label","place_holder":"","char_limit":0,"char_min":0,"char_max":0,"position":0,"desc_enable":1,"desc":"Choose up to 5","required":false,"options":[{"label":"rec","price":"","price_type":"quantity_based","default":0}]}]
        )

    [50] => Array
        (
            [type] => simple
            [sku] => 108754611
            [name] => Bombay Fish Masala
            [featured] => 0
            [short_description] => Fish cooked with onion, tomato, fenugreek, coriander
            [regular_price] => 19
            [currency] => USD
            [category_ids] => Seafood
            [Images] => ,
            [description] => Fish cooked with onion, tomato, fenugreek, coriander
            [optionLists] => [{"type":"rec_product","title":"Recommended Sides And Apps","wpc_pro_pao_option_products":[1687,1688,1689,1690,1691],"title_format":"label","place_holder":"","char_limit":0,"char_min":0,"char_max":0,"position":0,"desc_enable":1,"desc":"Choose up to 5","required":false,"options":[{"label":"rec","price":"","price_type":"quantity_based","default":0}]}]
        )

    [51] => Array
        (
            [type] => simple
            [sku] => 67665629
            [name] => Goan Shrimp
            [featured] => 0
            [short_description] => Shrimps in delicious goan style onion sauce with coconut cream
            [regular_price] => 21
            [currency] => USD
            [category_ids] => Seafood
            [Images] => ,
            [description] => Shrimps in delicious goan style onion sauce with coconut cream
            [optionLists] => [{"type":"rec_product","title":"Recommended Sides And Apps","wpc_pro_pao_option_products":[1687,1688,1689,1690,1691],"title_format":"label","place_holder":"","char_limit":0,"char_min":0,"char_max":0,"position":0,"desc_enable":1,"desc":"Choose up to 5","required":false,"options":[{"label":"rec","price":"","price_type":"quantity_based","default":0}]}]
        )

    [52] => Array
        (
            [type] => simple
            [sku] => 67665628
            [name] => Meen Molie
            [featured] => 0
            [short_description] => Traditional kerala Fish, Shrimp curry cooked in coconut milk, onion
& curry leaf
            [regular_price] => 20
            [currency] => USD
            [category_ids] => Seafood
            [Images] => ,
            [description] => Traditional kerala Fish, Shrimp curry cooked in coconut milk, onion
& curry leaf
            [optionLists] => [{"type":"rec_product","title":"Recommended Sides And Apps","wpc_pro_pao_option_products":[1687,1688,1689,1690,1691],"title_format":"label","place_holder":"","char_limit":0,"char_min":0,"char_max":0,"position":0,"desc_enable":1,"desc":"Choose up to 5","required":false,"options":[{"label":"rec","price":"","price_type":"quantity_based","default":0}]}]
        )

    [53] => Array
        (
            [type] => simple
            [sku] => 67665630
            [name] => Konkan Fish Curry
            [featured] => 0
            [short_description] => Fish blended with herbs, spices, & coconut milk 
            [regular_price] => 19
            [currency] => USD
            [category_ids] => Seafood
            [Images] => ,
            [description] => Fish blended with herbs, spices, & coconut milk 
            [optionLists] => [{"type":"rec_product","title":"Recommended Sides And Apps","wpc_pro_pao_option_products":[1687,1688,1689,1690,1691],"title_format":"label","place_holder":"","char_limit":0,"char_min":0,"char_max":0,"position":0,"desc_enable":1,"desc":"Choose up to 5","required":false,"options":[{"label":"rec","price":"","price_type":"quantity_based","default":0}]}]
        )

    [54] => Array
        (
            [type] => simple
            [sku] => 67665669
            [name] => Chicken Biryani
            [featured] => 0
            [short_description] => Pot sealed basmati rice biryani with aromatic herbs and spices accompanied with raita.
            [regular_price] => 19
            [currency] => USD
            [category_ids] => Biryani & Rice
            [Images] => https://img.cdn4dd.com/cdn-cgi/image/fit=contain,width=1200,height=672,format=auto/https://doordash-static.s3.amazonaws.com/media/photos/61a89ed4-2baf-4dbd-8270-8ba4edb28699-retina-large.jpg,
            [description] => Pot sealed basmati rice biryani with aromatic herbs and spices accompanied with raita.
            [optionLists] => [{"type":"rec_product","title":"Recommended Sides And Apps","wpc_pro_pao_option_products":[1687,1688,1689,1690,1691],"title_format":"label","place_holder":"","char_limit":0,"char_min":0,"char_max":0,"position":0,"desc_enable":1,"desc":"Choose up to 5","required":false,"options":[{"label":"rec","price":"","price_type":"quantity_based","default":0}]}]
        )

    [55] => Array
        (
            [type] => simple
            [sku] => 67665671
            [name] => Saffron Rice
            [featured] => 0
            [short_description] => Long grained basmati rice with saffron.
            [regular_price] => 5
            [currency] => USD
            [category_ids] => Biryani & Rice
            [Images] => ,
            [description] => Long grained basmati rice with saffron.
            [optionLists] => []
        )

    [56] => Array
        (
            [type] => simple
            [sku] => 67665670
            [name] => Lamb Dum Biryani
            [featured] => 0
            [short_description] => Pot sealed basmati rice biryani with aromatic herbs and spices accompanied with yogurt raita.
            [regular_price] => 20
            [currency] => USD
            [category_ids] => Biryani & Rice
            [Images] => ,
            [description] => Pot sealed basmati rice biryani with aromatic herbs and spices accompanied with yogurt raita.
            [optionLists] => [{"type":"rec_product","title":"Recommended Sides And Apps","wpc_pro_pao_option_products":[1687,1688,1689,1690,1691],"title_format":"label","place_holder":"","char_limit":0,"char_min":0,"char_max":0,"position":0,"desc_enable":1,"desc":"Choose up to 5","required":false,"options":[{"label":"rec","price":"","price_type":"quantity_based","default":0}]}]
        )

    [57] => Array
        (
            [type] => simple
            [sku] => 67665667
            [name] => Veggie Subz Biryani
            [featured] => 0
            [short_description] => Pot sealed basmati rice biryani with aromatic herbs and spices accompanied with raita.
            [regular_price] => 18
            [currency] => USD
            [category_ids] => Biryani & Rice
            [Images] => ,
            [description] => Pot sealed basmati rice biryani with aromatic herbs and spices accompanied with raita.
            [optionLists] => [{"type":"rec_product","title":"Recommended Sides And Apps","wpc_pro_pao_option_products":[1687,1688,1689,1690,1691],"title_format":"label","place_holder":"","char_limit":0,"char_min":0,"char_max":0,"position":0,"desc_enable":1,"desc":"Choose up to 5","required":false,"options":[{"label":"rec","price":"","price_type":"quantity_based","default":0}]}]
        )

    [58] => Array
        (
            [type] => simple
            [sku] => 171803407
            [name] => Coconut Rice
            [featured] => 0
            [short_description] => Fresh grated coconut milk with touch of indian spices
            [regular_price] => 6
            [currency] => USD
            [category_ids] => Biryani & Rice
            [Images] => https://img.cdn4dd.com/cdn-cgi/image/fit=contain,width=1200,height=672,format=auto/https://doordash-static.s3.amazonaws.com/media/photosV2/d54e44ad-5d2e-44da-915b-00532585bb50-retina-large.jpg,https://img.cdn4dd.com/u/media/e238468d-bfc6-4d26-8e61-6ca9bd574f00.png
            [description] => Fresh grated coconut milk with touch of indian spices
            [optionLists] => []
        )

    [59] => Array
        (
            [type] => simple
            [sku] => 108757008
            [name] => Goat Dum Biryani
            [featured] => 0
            [short_description] => Pot sealed basmati rice biryani with aromatic herbs and spices accompanied with yogurt raita.
            [regular_price] => 20
            [currency] => USD
            [category_ids] => Biryani & Rice
            [Images] => ,
            [description] => Pot sealed basmati rice biryani with aromatic herbs and spices accompanied with yogurt raita.
            [optionLists] => [{"type":"rec_product","title":"Recommended Sides And Apps","wpc_pro_pao_option_products":[1687,1688,1689,1690,1691],"title_format":"label","place_holder":"","char_limit":0,"char_min":0,"char_max":0,"position":0,"desc_enable":1,"desc":"Choose up to 5","required":false,"options":[{"label":"rec","price":"","price_type":"quantity_based","default":0}]}]
        )

    [60] => Array
        (
            [type] => simple
            [sku] => 67665661
            [name] => Roomali Roti
            [featured] => 0
            [short_description] => Stone ground whole-wheat bread.
            [regular_price] => 8
            [currency] => USD
            [category_ids] => Breads
            [Images] => https://img.cdn4dd.com/cdn-cgi/image/fit=contain,width=1200,height=672,format=auto/https://doordash-static.s3.amazonaws.com/media/photosV2/1a453e76-fbe6-4443-9c24-08cd4d238581-retina-large.jpg,
            [description] => Stone ground whole-wheat bread.
            [optionLists] => []
        )

    [61] => Array
        (
            [type] => simple
            [sku] => 67665656
            [name] => Garlic Naan
            [featured] => 0
            [short_description] => Unleavened flour breads baked in clay oven.
            [regular_price] => 4
            [currency] => USD
            [category_ids] => Breads
            [Images] => https://img.cdn4dd.com/cdn-cgi/image/fit=contain,width=1200,height=672,format=auto/https://doordash-static.s3.amazonaws.com/media/photosV2/6aa9bbce-baac-47ea-acca-6fec1d87fd12-retina-large.jpg,https://img.cdn4dd.com/u/media/2a64b0c6-fc57-4fb5-b51f-8ee0459927d4.jpg
            [description] => Unleavened flour breads baked in clay oven.
            [optionLists] => []
        )

    [62] => Array
        (
            [type] => simple
            [sku] => 67665666
            [name] => Bread Basket
            [featured] => 0
            [short_description] => Lacha paratha, butter naan and garlic naan.
            [regular_price] => 12
            [currency] => USD
            [category_ids] => Breads
            [Images] => https://img.cdn4dd.com/cdn-cgi/image/fit=contain,width=1200,height=672,format=auto/https://doordash-static.s3.amazonaws.com/media/photosV2/7b2ee322-ac91-4d2a-b0f3-1aac4972e8c6-retina-large.jpg,
            [description] => Lacha paratha, butter naan and garlic naan.
            [optionLists] => []
        )

    [63] => Array
        (
            [type] => simple
            [sku] => 67665655
            [name] => Plain Naan
            [featured] => 0
            [short_description] => Unleavened flour bread baked in clay oven.
            [regular_price] => 3
            [currency] => USD
            [category_ids] => Breads
            [Images] => https://img.cdn4dd.com/cdn-cgi/image/fit=contain,width=1200,height=672,format=auto/https://doordash-static.s3.amazonaws.com/media/photos/f8f86f78-7739-48c9-8fa0-ce86eacdf1b4-retina-large.jpg,
            [description] => Unleavened flour bread baked in clay oven.
            [optionLists] => []
        )

    [64] => Array
        (
            [type] => simple
            [sku] => 67665664
            [name] => Onion Kulcha
            [featured] => 0
            [short_description] => Stuffed kulcha.
            [regular_price] => 6
            [currency] => USD
            [category_ids] => Breads
            [Images] => https://img.cdn4dd.com/cdn-cgi/image/fit=contain,width=1200,height=672,format=auto/https://doordash-static.s3.amazonaws.com/media/yelp/8a5791d0-0e44-432e-a807-8f19fb0dfc0c.jpg,
            [description] => Stuffed kulcha.
            [optionLists] => []
        )

    [65] => Array
        (
            [type] => simple
            [sku] => 67665665
            [name] => Cheese Kulcha
            [featured] => 0
            [short_description] => Stuffed kulcha.
            [regular_price] => 6
            [currency] => USD
            [category_ids] => Breads
            [Images] => ,
            [description] => Stuffed kulcha.
            [optionLists] => []
        )

    [66] => Array
        (
            [type] => simple
            [sku] => 67665658
            [name] => Pesto Naan
            [featured] => 0
            [short_description] => Unleavened flour breads baked in clay oven.
            [regular_price] => 5
            [currency] => USD
            [category_ids] => Breads
            [Images] => ,
            [description] => Unleavened flour breads baked in clay oven.
            [optionLists] => []
        )

    [67] => Array
        (
            [type] => simple
            [sku] => 67665660
            [name] => Tandoori Roti
            [featured] => 0
            [short_description] => Stone ground whole-wheat bread.
            [regular_price] => 3
            [currency] => USD
            [category_ids] => Breads
            [Images] => ,
            [description] => Stone ground whole-wheat bread.
            [optionLists] => []
        )

    [68] => Array
        (
            [type] => simple
            [sku] => 67665663
            [name] => Potato & Peas Kulcha
            [featured] => 0
            [short_description] => Stuffed kulcha.
            [regular_price] => 6
            [currency] => USD
            [category_ids] => Breads
            [Images] => ,
            [description] => Stuffed kulcha.
            [optionLists] => []
        )

    [69] => Array
        (
            [type] => simple
            [sku] => 67665662
            [name] => Lachha Paratha
            [featured] => 0
            [short_description] => Stone ground whole-wheat bread.
            [regular_price] => 4
            [currency] => USD
            [category_ids] => Breads
            [Images] => ,
            [description] => Stone ground whole-wheat bread.
            [optionLists] => []
        )

    [70] => Array
        (
            [type] => simple
            [sku] => 67665621
            [name] => Tomato & Fennel Soup
            [featured] => 0
            [short_description] => Fresh tomato reduction flavoured with fresh fennel
            [regular_price] => 9
            [currency] => USD
            [category_ids] => Soups & Salads
            [Images] => ,
            [description] => Fresh tomato reduction flavoured with fresh fennel
            [optionLists] => []
        )

    [71] => Array
        (
            [type] => simple
            [sku] => 10321396386
            [name] => Green Salad
            [featured] => 0
            [short_description] => Fresh cucumber, onion, tomato, lemon & green chilli
            [regular_price] => 8
            [currency] => USD
            [category_ids] => Soups & Salads
            [Images] => ,
            [description] => Fresh cucumber, onion, tomato, lemon & green chilli
            [optionLists] => [{"type":"rec_product","title":"Recommended Sides And Apps","wpc_pro_pao_option_products":[1687,1688,1689,1690,1691],"title_format":"label","place_holder":"","char_limit":0,"char_min":0,"char_max":0,"position":0,"desc_enable":1,"desc":"Choose up to 5","required":false,"options":[{"label":"rec","price":"","price_type":"quantity_based","default":0}]}]
        )

    [72] => Array
        (
            [type] => simple
            [sku] => 67665623
            [name] => Mango Olive Salad
            [featured] => 0
            [short_description] => Gluten free. Juliennes of mango, cucumber, olives, bell pepper, olive oil and mint.
            [regular_price] => 9
            [currency] => USD
            [category_ids] => Soups & Salads
            [Images] => ,
            [description] => Gluten free. Juliennes of mango, cucumber, olives, bell pepper, olive oil and mint.
            [optionLists] => [{"type":"rec_product","title":"Recommended Sides And Apps","wpc_pro_pao_option_products":[1687,1688,1689,1690,1691],"title_format":"label","place_holder":"","char_limit":0,"char_min":0,"char_max":0,"position":0,"desc_enable":1,"desc":"Choose up to 5","required":false,"options":[{"label":"rec","price":"","price_type":"quantity_based","default":0}]}]
        )

    [73] => Array
        (
            [type] => simple
            [sku] => 1179488642
            [name] => Mulligatawny Soup
            [featured] => 0
            [short_description] => Specialty South Indian lenthil soupspiced with cochin peppers,olive oil and mint
            [regular_price] => 9
            [currency] => USD
            [category_ids] => Soups & Salads
            [Images] => ,
            [description] => Specialty South Indian lenthil soupspiced with cochin peppers,olive oil and mint
            [optionLists] => []
        )

    [74] => Array
        (
            [type] => simple
            [sku] => 67665673
            [name] => Subz Raita
            [featured] => 0
            [short_description] => Yogurt with cucumber, carrot and roasted cumin.
            [regular_price] => 4
            [currency] => USD
            [category_ids] => Side Items
            [Images] => ,
            [description] => Yogurt with cucumber, carrot and roasted cumin.
            [optionLists] => []
        )

    [75] => Array
        (
            [type] => simple
            [sku] => 67665675
            [name] => Roasted Papadum
            [featured] => 0
            [short_description] => 
            [regular_price] => 5
            [currency] => USD
            [category_ids] => Side Items
            [Images] => ,
            [description] => 
            [optionLists] => []
        )

    [76] => Array
        (
            [type] => simple
            [sku] => 8990669822
            [name] => Mango Chuntey
            [featured] => 0
            [short_description] => 
            [regular_price] => 4
            [currency] => USD
            [category_ids] => Side Items
            [Images] => ,
            [description] => 
            [optionLists] => []
        )

    [77] => Array
        (
            [type] => simple
            [sku] => 67665676
            [name] => Mixed Pickle
            [featured] => 0
            [short_description] => Indian spicy mixed pickle.
            [regular_price] => 4
            [currency] => USD
            [category_ids] => Side Items
            [Images] => ,
            [description] => Indian spicy mixed pickle.
            [optionLists] => []
        )

)

