2023-12-17 10:40:31 Array
(
    [_sku] => Array
        (
            [0] => 67665648
        )

    [_regular_price] => Array
        (
            [0] => 18
        )

    [total_sales] => Array
        (
            [0] => 0
        )

    [_tax_status] => Array
        (
            [0] => taxable
        )

    [_tax_class] => Array
        (
            [0] => 
        )

    [_manage_stock] => Array
        (
            [0] => no
        )

    [_backorders] => Array
        (
            [0] => no
        )

    [_sold_individually] => Array
        (
            [0] => no
        )

    [_virtual] => Array
        (
            [0] => no
        )

    [_downloadable] => Array
        (
            [0] => no
        )

    [_download_limit] => Array
        (
            [0] => -1
        )

    [_download_expiry] => Array
        (
            [0] => -1
        )

    [_thumbnail_id] => Array
        (
            [0] => 0
        )

    [_stock] => Array
        (
            [0] => 
        )

    [_stock_status] => Array
        (
            [0] => instock
        )

    [_wc_average_rating] => Array
        (
            [0] => 0
        )

    [_wc_review_count] => Array
        (
            [0] => 0
        )

    [_product_version] => Array
        (
            [0] => 8.0.3
        )

    [_price] => Array
        (
            [0] => 18
        )

    [ekit_post_views_count] => Array
        (
            [0] => 4
        )

    [_wpc_pro_pao_data] => Array
        (
            [0] => a:1:{i:0;a:13:{s:4:"type";s:11:"rec_product";s:5:"title";s:26:"Recommended Sides And Apps";s:27:"wpc_pro_pao_option_products";a:5:{i:0;i:1276;i:1;i:1277;i:2;i:1278;i:3;i:1279;i:4;i:1280;}s:12:"title_format";s:5:"label";s:12:"place_holder";s:0:"";s:10:"char_limit";i:0;s:8:"char_min";i:0;s:8:"char_max";i:0;s:8:"position";i:0;s:11:"desc_enable";i:1;s:4:"desc";s:14:"Choose up to 5";s:8:"required";b:0;s:7:"options";a:1:{i:0;a:4:{s:5:"label";s:3:"rec";s:5:"price";s:0:"";s:10:"price_type";s:14:"quantity_based";s:7:"default";i:0;}}}}
        )

)

2023-12-17 10:40:31 Array
(
    [_sku] => Array
        (
            [0] => 67665642
        )

    [_regular_price] => Array
        (
            [0] => 18
        )

    [total_sales] => Array
        (
            [0] => 0
        )

    [_tax_status] => Array
        (
            [0] => taxable
        )

    [_tax_class] => Array
        (
            [0] => 
        )

    [_manage_stock] => Array
        (
            [0] => no
        )

    [_backorders] => Array
        (
            [0] => no
        )

    [_sold_individually] => Array
        (
            [0] => no
        )

    [_virtual] => Array
        (
            [0] => no
        )

    [_downloadable] => Array
        (
            [0] => no
        )

    [_product_image_gallery] => Array
        (
            [0] => 1283
        )

    [_download_limit] => Array
        (
            [0] => -1
        )

    [_download_expiry] => Array
        (
            [0] => -1
        )

    [_thumbnail_id] => Array
        (
            [0] => 1282
        )

    [_stock] => Array
        (
            [0] => 
        )

    [_stock_status] => Array
        (
            [0] => instock
        )

    [_wc_average_rating] => Array
        (
            [0] => 0
        )

    [_wc_review_count] => Array
        (
            [0] => 0
        )

    [_product_version] => Array
        (
            [0] => 8.0.3
        )

    [_price] => Array
        (
            [0] => 18
        )

    [_edit_lock] => Array
        (
            [0] => 1702809477:1
        )

    [_edit_last] => Array
        (
            [0] => 1
        )

    [_wpc_pro_pao_data] => Array
        (
            [0] => a:1:{i:0;a:13:{s:4:"type";s:11:"rec_product";s:5:"title";s:26:"Recommended Sides And Apps";s:27:"wpc_pro_pao_option_products";a:5:{i:0;i:1276;i:1;i:1277;i:2;i:1278;i:3;i:1279;i:4;i:1280;}s:12:"title_format";s:5:"label";s:12:"place_holder";s:0:"";s:10:"char_limit";i:0;s:8:"char_min";i:0;s:8:"char_max";i:0;s:8:"position";i:0;s:11:"desc_enable";i:1;s:4:"desc";s:14:"Choose up to 5";s:8:"required";b:0;s:7:"options";a:1:{i:0;a:4:{s:5:"label";s:3:"rec";s:5:"price";s:0:"";s:10:"price_type";s:14:"quantity_based";s:7:"default";i:0;}}}}
        )

    [_wcpa_product_meta] => Array
        (
            [0] => a:0:{}
        )

    [wcpa_exclude_global_forms] => Array
        (
            [0] => 
        )

    [wpc_pro_preparing_time] => Array
        (
            [0] => 
        )

    [wpc_pro_delivery_time] => Array
        (
            [0] => 
        )

    [ekit_post_views_count] => Array
        (
            [0] => 4
        )

)

